<?xml version="1.0" encoding="utf-8"?><testsuites name="pytest tests"><testsuite name="pytest" errors="0" failures="0" skipped="0" tests="17" time="15.644" timestamp="2026-08-17T12:13:23.298895+00:00" hostname="agent-env-902d3916-78a7-4137-9eda-c0b10b5a77d4"><testcase classname="tests.test_nexus_offline.TestHealth" name="test_root" time="0.386" /><testcase classname="tests.test_nexus_offline.TestOnlineQuery" name="test_search_query_returns_answer" time="1.979" /><testcase classname="tests.test_nexus_offline.TestOnlineQuery" name="test_meaning_query_returns_definition" time="1.911" /><testcase classname="tests.test_nexus_offline.TestOnlineQuery" name="test_knowledge_query_returns_answer" time="2.489" /><testcase classname="tests.test_nexus_offline.TestOnlineQuery" name="test_empty_query_returns_400" time="0.164" /><testcase classname="tests.test_nexus_offline.TestOnlineQuery" name="test_translation_disabled_returns_403" time="0.076" /><testcase classname="tests.test_nexus_offline.TestOnlineQuery" name="test_translation_enabled_returns_200" time="1.641" /><testcase classname="tests.test_nexus_offline.TestOnlineQuery" name="test_enabled_features_omitted_backward_compat" time="1.258" /><testcase classname="tests.test_nexus_offline.TestOnlineQuery" name="test_websearch_disabled_returns_403" time="0.077" /><testcase classname="tests.test_nexus_offline.TestOnlineQuery" name="test_dictionary_disabled_returns_403" time="0.073" /><testcase classname="tests.test_nexus_offline.TestOnlineQuery" name="test_knowledge_disabled_returns_403" time="0.075" /><testcase classname="tests.test_nexus_offline.TestOnlineHistory" name="test_history_returns_list_no_mongo_id" time="0.084" /><testcase classname="tests.test_nexus_offline.TestOnlineHistory" name="test_history_delete_clears_ledger" time="1.718" /><testcase classname="tests.test_nexus_offline.TestAuditExport" name="test_audit_export_shape" time="1.693" /><testcase classname="tests.test_nexus_offline.TestOfflineStatus" name="test_offline_mode_air_gap_active" time="0.077" /><testcase classname="tests.test_nexus_offline.TestOfflineStatus" name="test_online_mode_outbound_matches_total" time="1.652" /><testcase classname="tests.test_nexus_offline.TestStatusRegression" name="test_create_and_list_no_mongo_id" time="0.151" /></testsuite></testsuites>