<?xml version="1.0" encoding="utf-8"?><testsuites name="pytest tests"><testsuite name="pytest" errors="0" failures="1" skipped="0" tests="11" time="8.776" timestamp="2026-08-17T09:04:35.521294+00:00" hostname="agent-env-902d3916-78a7-4137-9eda-c0b10b5a77d4"><testcase classname="tests.test_nexus_offline.TestOnlineQuery" name="test_search_query_returns_answer" time="2.943" /><testcase classname="tests.test_nexus_offline.TestOnlineHistory" name="test_history_returns_list_no_mongo_id" time="0.220" /><testcase classname="tests.test_nexus_offline.TestOnlineHistory" name="test_history_delete_clears_ledger" time="2.804"><failure message="AssertionError: assert [{'id': '93b5...NESCO.', ...}] == []&#10;  &#10;  Left contains one more item: {'id': '93b5cea8-5091-41a7-9438-ebe12568c2bb', 'query': 'What is the capital of France?', 'query_type': 'search', 'ans...d Notre-Dame Cathedral. It also hosts the headquarters of several international organizations, including UNESCO.', ...}&#10;  &#10;  Full diff:&#10;  - []&#10;  + [&#10;  +     {...&#10;  &#10;  ...Full output truncated (14 lines hidden), use '-vv' to show">backend/tests/test_nexus_offline.py:94: in test_history_delete_clears_ledger
    assert r2.json() == []
E   AssertionError: assert [{'id': '93b5...NESCO.', ...}] == []
E     
E     Left contains one more item: {'id': '93b5cea8-5091-41a7-9438-ebe12568c2bb', 'query': 'What is the capital of France?', 'query_type': 'search', 'ans...d Notre-Dame Cathedral. It also hosts the headquarters of several international organizations, including UNESCO.', ...}
E     
E     Full diff:
E     - []
E     + [
E     +     {...
E     
E     ...Full output truncated (14 lines hidden), use '-vv' to show</failure></testcase><testcase classname="tests.test_nexus_offline.TestOnlineQuery" name="test_meaning_query_returns_definition" time="2.178" /><testcase classname="tests.test_nexus_offline.TestOfflineStatus" name="test_offline_mode_air_gap_active" time="0.061" /><testcase classname="tests.test_nexus_offline.TestOfflineStatus" name="test_online_mode_outbound_matches_total" time="1.869" /><testcase classname="tests.test_nexus_offline.TestHealth" name="test_root" time="0.056" /><testcase classname="tests.test_nexus_offline.TestAuditExport" name="test_audit_export_shape" time="1.924" /><testcase classname="tests.test_nexus_offline.TestOnlineQuery" name="test_knowledge_query_returns_answer" time="3.231" /><testcase classname="tests.test_nexus_offline.TestStatusRegression" name="test_create_and_list_no_mongo_id" time="0.130" /><testcase classname="tests.test_nexus_offline.TestOnlineQuery" name="test_empty_query_returns_400" time="0.056" /></testsuite></testsuites>